This is pdfTeX, Version 3.1415926-2.3-1.40.12 (MiKTeX 2.9 64-bit) (preloaded format=pdflatex 2015.3.26)  25 MAY 2016 20:31
entering extended mode
**C:/Users/AAYUSHEE/git/DSS/elsarticle-template-num.tex
(C:/Users/AAYUSHEE/git/DSS/elsarticle-template-num.tex
LaTeX2e <2011/06/27>
Babel <v3.8m> and hyphenation patterns for english, afrikaans, ancientgreek, ar
abic, armenian, assamese, basque, bengali, bokmal, bulgarian, catalan, coptic, 
croatian, czech, danish, dutch, esperanto, estonian, farsi, finnish, french, ga
lician, german, german-x-2009-06-19, greek, gujarati, hindi, hungarian, iceland
ic, indonesian, interlingua, irish, italian, kannada, kurmanji, lao, latin, lat
vian, lithuanian, malayalam, marathi, mongolian, mongolianlmc, monogreek, ngerm
an, ngerman-x-2009-06-19, nynorsk, oriya, panjabi, pinyin, polish, portuguese, 
romanian, russian, sanskrit, serbian, slovak, slovenian, spanish, swedish, swis
sgerman, tamil, telugu, turkish, turkmen, ukenglish, ukrainian, uppersorbian, u
senglishmax, welsh, loaded.
("C:\Program Files\MiKTeX 2.9\tex\latex\elsarticle\elsarticle.cls"
Document Class: elsarticle 2009/09/17, 1.2.0: Elsevier Ltd
\@bls=\dimen102
("C:\Program Files\MiKTeX 2.9\tex\latex\base\article.cls"
Document Class: article 2007/10/19 v1.4h Standard LaTeX document class
("C:\Program Files\MiKTeX 2.9\tex\latex\base\size11.clo"
File: size11.clo 2007/10/19 v1.4h Standard LaTeX file (size option)
)
\c@part=\count79
\c@section=\count80
\c@subsection=\count81
\c@subsubsection=\count82
\c@paragraph=\count83
\c@subparagraph=\count84
\c@figure=\count85
\c@table=\count86
\abovecaptionskip=\skip41
\belowcaptionskip=\skip42
\bibindent=\dimen103
)
("C:\Program Files\MiKTeX 2.9\tex\latex\graphics\graphicx.sty"
Package: graphicx 1999/02/16 v1.0f Enhanced LaTeX Graphics (DPC,SPQR)

("C:\Program Files\MiKTeX 2.9\tex\latex\graphics\keyval.sty"
Package: keyval 1999/03/16 v1.13 key=value parser (DPC)
\KV@toks@=\toks14
)
("C:\Program Files\MiKTeX 2.9\tex\latex\graphics\graphics.sty"
Package: graphics 2009/02/05 v1.0o Standard LaTeX Graphics (DPC,SPQR)

("C:\Program Files\MiKTeX 2.9\tex\latex\graphics\trig.sty"
Package: trig 1999/03/16 v1.09 sin cos tan (DPC)
)
("C:\Program Files\MiKTeX 2.9\tex\latex\00miktex\graphics.cfg"
File: graphics.cfg 2007/01/18 v1.5 graphics configuration of teTeX/TeXLive
)
Package graphics Info: Driver file: pdftex.def on input line 91.

("C:\Program Files\MiKTeX 2.9\tex\latex\pdftex-def\pdftex.def"
File: pdftex.def 2011/05/27 v0.06d Graphics/color for pdfTeX

("C:\Program Files\MiKTeX 2.9\tex\generic\oberdiek\infwarerr.sty"
Package: infwarerr 2010/04/08 v1.3 Providing info/warning/error messages (HO)
)
("C:\Program Files\MiKTeX 2.9\tex\generic\oberdiek\ltxcmds.sty"
Package: ltxcmds 2011/11/09 v1.22 LaTeX kernel commands for general use (HO)
)
\Gread@gobject=\count87
))
\Gin@req@height=\dimen104
\Gin@req@width=\dimen105
)
("C:\Program Files\MiKTeX 2.9\tex\latex\psnfss\pifont.sty"
Package: pifont 2005/04/12 PSNFSS-v9.2a Pi font support (SPQR) 
LaTeX Font Info:    Try loading font information for U+pzd on input line 63.

("C:\Program Files\MiKTeX 2.9\tex\latex\psnfss\upzd.fd"
File: upzd.fd 2001/06/04 font definitions for U/pzd.
)
LaTeX Font Info:    Try loading font information for U+psy on input line 64.

("C:\Program Files\MiKTeX 2.9\tex\latex\psnfss\upsy.fd"
File: upsy.fd 2001/06/04 font definitions for U/psy.
))
\c@tnote=\count88
\c@fnote=\count89
\c@cnote=\count90
\c@ead=\count91
\c@author=\count92
\@eadauthor=\toks15
\c@affn=\count93
\absbox=\box26
\keybox=\box27
\Columnwidth=\dimen106
\space@left=\dimen107
\els@boxa=\box28
\els@boxb=\box29
\leftMargin=\dimen108
\@enLab=\toks16
\@sep=\skip43
\@@sep=\skip44

(C:\Users\AAYUSHEE\git\DSS\elsarticle-template-num.spl)
("C:\Program Files\MiKTeX 2.9\tex\latex\natbib\natbib.sty"
Package: natbib 2010/09/13 8.31b (PWD, AO)
\bibhang=\skip45
\bibsep=\skip46
LaTeX Info: Redefining \cite on input line 694.
\c@NAT@ctr=\count94
)
\splwrite=\write3
)
("C:\Program Files\MiKTeX 2.9\tex\latex\amsfonts\amssymb.sty"
Package: amssymb 2009/06/22 v3.00

("C:\Program Files\MiKTeX 2.9\tex\latex\amsfonts\amsfonts.sty"
Package: amsfonts 2009/06/22 v3.00 Basic AMSFonts support
\@emptytoks=\toks17
\symAMSa=\mathgroup4
\symAMSb=\mathgroup5
LaTeX Font Info:    Overwriting math alphabet `\mathfrak' in version `bold'
(Font)                  U/euf/m/n --> U/euf/b/n on input line 96.
))
("C:\Program Files\MiKTeX 2.9\tex\latex\slashbox\slashbox.sty"
slashbox style by K.Yasuoka, May 1993.
\@slashboxa=\box30
\@slashboxb=\box31
\@slashboxc=\box32
\@slashboxwd=\count95
\@slashboxht=\count96
\@slashsepl=\dimen109
\@slashsepr=\dimen110
) (C:\Users\AAYUSHEE\git\DSS\elsarticle-template-num.aux)
LaTeX Font Info:    Checking defaults for OML/cmm/m/it on input line 57.
LaTeX Font Info:    ... okay on input line 57.
LaTeX Font Info:    Checking defaults for T1/cmr/m/n on input line 57.
LaTeX Font Info:    ... okay on input line 57.
LaTeX Font Info:    Checking defaults for OT1/cmr/m/n on input line 57.
LaTeX Font Info:    ... okay on input line 57.
LaTeX Font Info:    Checking defaults for OMS/cmsy/m/n on input line 57.
LaTeX Font Info:    ... okay on input line 57.
LaTeX Font Info:    Checking defaults for OMX/cmex/m/n on input line 57.
LaTeX Font Info:    ... okay on input line 57.
LaTeX Font Info:    Checking defaults for U/cmr/m/n on input line 57.
LaTeX Font Info:    ... okay on input line 57.

("C:\Program Files\MiKTeX 2.9\tex\context\base\supp-pdf.mkii"
[Loading MPS to PDF converter (version 2006.09.02).]
\scratchcounter=\count97
\scratchdimen=\dimen111
\scratchbox=\box33
\nofMPsegments=\count98
\nofMParguments=\count99
\everyMPshowfont=\toks18
\MPscratchCnt=\count100
\MPscratchDim=\dimen112
\MPnumerator=\count101
\makeMPintoPDFobject=\count102
\everyMPtoPDFconversion=\toks19
)
LaTeX Font Info:    Try loading font information for U+msa on input line 112.
 ("C:\Program Files\MiKTeX 2.9\tex\latex\amsfonts\umsa.fd"
File: umsa.fd 2009/06/22 v3.00 AMS symbols A
)
LaTeX Font Info:    Try loading font information for U+msb on input line 112.

("C:\Program Files\MiKTeX 2.9\tex\latex\amsfonts\umsb.fd"
File: umsb.fd 2009/06/22 v3.00 AMS symbols B
) [1


{C:/ProgramData/MiKTeX/2.9/pdftex/config/pdftex.map}] [2]
Overfull \hbox (4.48041pt too wide) in paragraph at lines 141--145
[]\OT1/cmr/m/n/10.95 The edit dis-tance ap-proach, sug-gested ini-tially by Wag
-ner and Fischer[[]],
 []

<images/originalimage.png, id=13, 313.17pt x 189.70876pt>
File: images/originalimage.png Graphic file (type png)

<use images/originalimage.png>
Package pdftex.def Info: images/originalimage.png used on input line 160.
(pdftex.def)             Requested size: 234.8769pt x 142.2812pt.

<images/ocr.png, id=15, 306.39468pt x 175.40532pt>
File: images/ocr.png Graphic file (type png)
 <use images/ocr.png>
Package pdftex.def Info: images/ocr.png used on input line 161.
(pdftex.def)             Requested size: 245.11607pt x 140.32443pt.

Underfull \hbox (badness 10000) in paragraph at lines 160--162
[][]
 []

[3] [4 <C:/Users/AAYUSHEE/git/DSS/images/originalimage.png> <C:/Users/AAYUSHEE/
git/DSS/images/ocr.png>] [5]
<images/ngram.png, id=32, 416.30531pt x 221.32687pt>
File: images/ngram.png Graphic file (type png)
 <use images/ngram.png>
Package pdftex.def Info: images/ngram.png used on input line 230.
(pdftex.def)             Requested size: 333.0447pt x 177.06172pt.

[6]
LaTeX Font Info:    Try loading font information for OML+cmr on input line 272.

 ("C:\Program Files\MiKTeX 2.9\tex\latex\base\omlcmr.fd"
File: omlcmr.fd 1999/05/25 v2.5h Standard LaTeX font definitions
)
LaTeX Font Info:    Font shape `OML/cmr/m/n' in size <10.95> not available
(Font)              Font shape `OML/cmm/m/it' tried instead on input line 272.

Overfull \hbox (133.10542pt too wide) in paragraph at lines 272--273
 [][] 
 []


LaTeX Warning: `h' float specifier changed to `ht'.

[7 <C:/Users/AAYUSHEE/git/DSS/images/ngram.png>] [8]
<images/img3.png, id=48, 528.47438pt x 386.94562pt>
File: images/img3.png Graphic file (type png)
 <use images/img3.png>
Package pdftex.def Info: images/img3.png used on input line 380.
(pdftex.def)             Requested size: 211.386pt x 154.7755pt.

<images/originalimg3.png, id=49, 310.15875pt x 202.50656pt>
File: images/originalimg3.png Graphic file (type png)

<use images/originalimg3.png>
Package pdftex.def Info: images/originalimg3.png used on input line 381.
(pdftex.def)             Requested size: 232.61848pt x 151.87953pt.

<images/ocr3.png, id=50, 312.41719pt x 202.50656pt>
File: images/ocr3.png Graphic file (type png)
 <use images/ocr3.png>
Package pdftex.def Info: images/ocr3.png used on input line 389.
(pdftex.def)             Requested size: 234.3123pt x 151.87953pt.

<images/corrected3.png, id=51, 312.41719pt x 204.01219pt>
File: images/corrected3.png Graphic file (type png)

<use images/corrected3.png>
Package pdftex.def Info: images/corrected3.png used on input line 390.
(pdftex.def)             Requested size: 234.3123pt x 153.00876pt.

Underfull \hbox (badness 10000) in paragraph at lines 389--391
[][]
 []

[9 <C:/Users/AAYUSHEE/git/DSS/images/img3.png> <C:/Users/AAYUSHEE/git/DSS/image
s/originalimg3.png>] [10 <C:/Users/AAYUSHEE/git/DSS/images/ocr3.png> <C:/Users/
AAYUSHEE/git/DSS/images/corrected3.png>] [11] [12]
(C:\Users\AAYUSHEE\git\DSS\elsarticle-template-num.bbl [13] [14]) [15]
(C:\Users\AAYUSHEE\git\DSS\elsarticle-template-num.aux) ) 
Here is how much of TeX's memory you used:
 2189 strings out of 494045
 28219 string characters out of 3148378
 83728 words of memory out of 3000000
 5457 multiletter control sequences out of 15000+200000
 12632 words of font info for 48 fonts, out of 3000000 for 9000
 715 hyphenation exceptions out of 8191
 34i,14n,30p,1883b,299s stack positions out of 5000i,500n,10000p,200000b,50000s
<C:/Program Files/MiKT
eX 2.9/fonts/type1/public/amsfonts/cm/cmbx10.pfb><C:/Program Files/MiKTeX 2.9/f
onts/type1/public/amsfonts/cm/cmmi10.pfb><C:/Program Files/MiKTeX 2.9/fonts/typ
e1/public/amsfonts/cm/cmmi6.pfb><C:/Program Files/MiKTeX 2.9/fonts/type1/public
/amsfonts/cm/cmmi8.pfb><C:/Program Files/MiKTeX 2.9/fonts/type1/public/amsfonts
/cm/cmmi9.pfb><C:/Program Files/MiKTeX 2.9/fonts/type1/public/amsfonts/cm/cmr10
.pfb><C:/Program Files/MiKTeX 2.9/fonts/type1/public/amsfonts/cm/cmr12.pfb><C:/
Program Files/MiKTeX 2.9/fonts/type1/public/amsfonts/cm/cmr6.pfb><C:/Program Fi
les/MiKTeX 2.9/fonts/type1/public/amsfonts/cm/cmr8.pfb><C:/Program Files/MiKTeX
 2.9/fonts/type1/public/amsfonts/cm/cmr9.pfb><C:/Program Files/MiKTeX 2.9/fonts
/type1/public/amsfonts/cm/cmsy10.pfb><C:/Program Files/MiKTeX 2.9/fonts/type1/p
ublic/amsfonts/cm/cmti10.pfb><C:/Program Files/MiKTeX 2.9/fonts/type1/public/am
sfonts/cm/cmti9.pfb><C:/Program Files/MiKTeX 2.9/fonts/type1/public/amsfonts/cm
/cmtt9.pfb><C:/Program Files/MiKTeX 2.9/fonts/type1/public/amsfonts/latxfont/li
ne10.pfb>
Output written on elsarticle-template-num.pdf (15 pages, 481923 bytes).
PDF statistics:
 125 PDF objects out of 1000 (max. 8388607)
 0 named destinations out of 1000 (max. 500000)
 36 words of extra memory for PDF output out of 10000 (max. 10000000)

